{
"C:\\github\\forecast\\server\\service\\forecast.api.client.js":{"path":"C:\\github\\forecast\\server\\service\\forecast.api.client.js","s":{"1":1,"2":1,"3":1,"4":1,"5":1,"6":1,"7":1,"8":2,"9":2},"b":{},"f":{"1":2,"2":2},"fnMap":{"1":{"line":11,"loc":{"start":{"line":9,"column":28},"end":{"line":9,"column":38}},"name":"(anonymous_1)"},"2":{"line":12,"loc":{"start":{"line":11,"column":10},"end":{"line":11,"column":25}},"name":"(anonymous_2)"}},"statementMap":{"1":{"start":{"line":1,"column":-15},"end":{"line":1,"column":19}},"2":{"start":{"line":3,"column":0},"end":{"line":3,"column":22}},"3":{"start":{"line":4,"column":0},"end":{"line":4,"column":51}},"4":{"start":{"line":5,"column":0},"end":{"line":5,"column":50}},"5":{"start":{"line":6,"column":0},"end":{"line":6,"column":20}},"6":{"start":{"line":7,"column":0},"end":{"line":7,"column":25}},"7":{"start":{"line":9,"column":0},"end":{"line":14,"column":1}},"8":{"start":{"line":10,"column":2},"end":{"line":13,"column":7}},"9":{"start":{"line":12,"column":6},"end":{"line":12,"column":24}}},"branchMap":{},"l":{"1":1,"3":1,"4":1,"5":1,"6":1,"7":1,"9":1,"10":2,"12":2}},
"C:\\github\\forecast\\server\\controllers\\forecast.controller.js":{"path":"C:\\github\\forecast\\server\\controllers\\forecast.controller.js","s":{"1":1,"2":1,"3":1,"4":1,"5":2,"6":1,"7":1},"b":{},"f":{"1":2,"2":1},"fnMap":{"1":{"line":11,"loc":{"start":{"line":9,"column":29},"end":{"line":9,"column":43}},"name":"(anonymous_1)"},"2":{"line":13,"loc":{"start":{"line":11,"column":12},"end":{"line":11,"column":19}},"name":"(anonymous_2)"}},"statementMap":{"1":{"start":{"line":1,"column":-15},"end":{"line":1,"column":45}},"2":{"start":{"line":2,"column":0},"end":{"line":2,"column":47}},"3":{"start":{"line":3,"column":0},"end":{"line":3,"column":26}},"4":{"start":{"line":9,"column":0},"end":{"line":14,"column":1}},"5":{"start":{"line":10,"column":2},"end":{"line":10,"column":89}},"6":{"start":{"line":11,"column":2},"end":{"line":13,"column":5}},"7":{"start":{"line":12,"column":4},"end":{"line":12,"column":16}}},"branchMap":{},"l":{"1":1,"2":1,"3":1,"9":1,"10":2,"11":1,"12":1}},
"C:\\github\\forecast\\server\\routes\\forecastByCity.route.js":{"path":"C:\\github\\forecast\\server\\routes\\forecastByCity.route.js","s":{"1":1,"2":1,"3":1,"4":1},"b":{},"f":{"1":1},"fnMap":{"1":{"line":5,"loc":{"start":{"line":3,"column":0},"end":{"line":3,"column":37}},"name":"getForecastByCity"}},"statementMap":{"1":{"start":{"line":1,"column":-15},"end":{"line":1,"column":58}},"2":{"start":{"line":3,"column":0},"end":{"line":5,"column":1}},"3":{"start":{"line":4,"column":2},"end":{"line":4,"column":50}},"4":{"start":{"line":7,"column":0},"end":{"line":7,"column":35}}},"branchMap":{},"l":{"1":1,"3":1,"4":1,"7":1}}}
